<?xml version="1.0" encoding="utf-8"?><testsuites name="pytest tests"><testsuite name="pytest" errors="0" failures="1" skipped="0" tests="33" time="19.523" timestamp="2026-02-21T22:56:29.009143+00:00" hostname="agent-env-3dd66de6-8378-41a9-a5a7-66055fc6d429"><testcase classname="backend.tests.test_hackathon_features.TestGitHubAudit" name="test_audit_valid_user_octocat" time="0.291" /><testcase classname="backend.tests.test_hackathon_features.TestGitHubAudit" name="test_audit_username_field_returned" time="0.266" /><testcase classname="backend.tests.test_hackathon_features.TestGitHubAudit" name="test_audit_invalid_user_404" time="0.226"><failure message="AssertionError: Expected 400/404/422 for invalid user, got 200&#10;assert 200 in (400, 404, 422)&#10; +  where 200 = &lt;Response [200]&gt;.status_code">backend/tests/test_hackathon_features.py:108: in test_audit_invalid_user_404
    assert resp.status_code in (400, 404, 422), f"Expected 400/404/422 for invalid user, got {resp.status_code}"
E   AssertionError: Expected 400/404/422 for invalid user, got 200
E   assert 200 in (400, 404, 422)
E    +  where 200 = &lt;Response [200]&gt;.status_code</failure></testcase><testcase classname="backend.tests.test_hackathon_features.TestGitHubAudit" name="test_audit_no_auth_required" time="0.233" /><testcase classname="backend.tests.test_hackathon_features.TestMRIScore" name="test_mri_returns_200" time="0.428" /><testcase classname="backend.tests.test_hackathon_features.TestMRIScore" name="test_mri_has_required_fields" time="0.062" /><testcase classname="backend.tests.test_hackathon_features.TestMRIScore" name="test_mri_score_is_numeric" time="0.063" /><testcase classname="backend.tests.test_hackathon_features.TestMRIScore" name="test_mri_band_is_valid_string" time="0.065" /><testcase classname="backend.tests.test_hackathon_features.TestMRIScore" name="test_mri_without_auth_returns_401" time="0.104" /><testcase classname="backend.tests.test_hackathon_features.TestSentinel" name="test_sentinel_run_returns_200" time="0.642" /><testcase classname="backend.tests.test_hackathon_features.TestSentinel" name="test_sentinel_returns_alerts" time="0.257" /><testcase classname="backend.tests.test_hackathon_features.TestSentinel" name="test_sentinel_creates_notifications" time="0.339" /><testcase classname="backend.tests.test_hackathon_features.TestSentinel" name="test_sentinel_without_auth_returns_401" time="0.119" /><testcase classname="backend.tests.test_hackathon_features.TestKanban" name="test_get_board_returns_200" time="0.077" /><testcase classname="backend.tests.test_hackathon_features.TestKanban" name="test_create_task" time="0.071" /><testcase classname="backend.tests.test_hackathon_features.TestKanban" name="test_update_task_status" time="0.084" /><testcase classname="backend.tests.test_hackathon_features.TestKanban" name="test_update_nonexistent_task_404" time="0.070" /><testcase classname="backend.tests.test_hackathon_features.TestKanban" name="test_delete_task" time="0.084" /><testcase classname="backend.tests.test_hackathon_features.TestKanban" name="test_delete_verifies_removal" time="0.058" /><testcase classname="backend.tests.test_hackathon_features.TestKanban" name="test_generate_ai_plan" time="14.680" /><testcase classname="backend.tests.test_hackathon_features.TestKanban" name="test_generate_populates_board" time="0.081" /><testcase classname="backend.tests.test_hackathon_features.TestFutureShock" name="test_future_shock_default_acceleration" time="0.058" /><testcase classname="backend.tests.test_hackathon_features.TestFutureShock" name="test_future_shock_returns_delta" time="0.055" /><testcase classname="backend.tests.test_hackathon_features.TestFutureShock" name="test_future_shock_zero_acceleration" time="0.056" /><testcase classname="backend.tests.test_hackathon_features.TestFutureShock" name="test_future_shock_full_acceleration" time="0.060" /><testcase classname="backend.tests.test_hackathon_features.TestFutureShock" name="test_future_shock_invalid_acceleration" time="0.065" /><testcase classname="backend.tests.test_hackathon_features.TestFutureShock" name="test_future_shock_without_auth" time="0.139" /><testcase classname="backend.tests.test_hackathon_features.TestPublicProfile" name="test_generate_share_link_returns_200" time="0.061" /><testcase classname="backend.tests.test_hackathon_features.TestPublicProfile" name="test_share_link_is_permanent" time="0.129" /><testcase classname="backend.tests.test_hackathon_features.TestPublicProfile" name="test_get_public_profile_by_slug" time="0.125" /><testcase classname="backend.tests.test_hackathon_features.TestPublicProfile" name="test_public_profile_no_auth_required" time="0.126" /><testcase classname="backend.tests.test_hackathon_features.TestPublicProfile" name="test_public_profile_not_found_404" time="0.112" /><testcase classname="backend.tests.test_hackathon_features.TestPublicProfile" name="test_generate_share_link_without_auth" time="0.121" /></testsuite></testsuites>