<?xml version="1.0" encoding="utf-8"?><testsuites name="pytest tests"><testsuite name="pytest" errors="22" failures="3" skipped="0" tests="33" time="4.833" timestamp="2026-02-21T22:55:20.558950+00:00" hostname="agent-env-3dd66de6-8378-41a9-a5a7-66055fc6d429"><testcase classname="backend.tests.test_hackathon_features.TestGitHubAudit" name="test_audit_valid_user_octocat" time="1.488" /><testcase classname="backend.tests.test_hackathon_features.TestGitHubAudit" name="test_audit_username_field_returned" time="1.006" /><testcase classname="backend.tests.test_hackathon_features.TestGitHubAudit" name="test_audit_invalid_user_404" time="0.161"><failure message="AssertionError: Expected 404, got 400&#10;assert 400 == 404&#10; +  where 400 = &lt;Response [400]&gt;.status_code">backend/tests/test_hackathon_features.py:104: in test_audit_invalid_user_404
    assert resp.status_code == 404, f"Expected 404, got {resp.status_code}"
E   AssertionError: Expected 404, got 400
E   assert 400 == 404
E    +  where 400 = &lt;Response [400]&gt;.status_code</failure></testcase><testcase classname="backend.tests.test_hackathon_features.TestGitHubAudit" name="test_audit_no_auth_required" time="0.982" /><testcase classname="backend.tests.test_hackathon_features.TestMRIScore" name="test_mri_returns_200" time="0.272"><error message="failed on setup with &quot;AssertionError: No token in login response: {'user_id': 'testuser', 'auth_token': 'eyJleHAiOjE3NzE3NTc3MjQsImlhdCI6MTc3MTcxNDUyNCwic3ViIjoidGVzdHVzZXIiLCJ0eXAiOiJhY2Nlc3MifQ.lqktU_Me9eYpxBhibM5AqHGwEuMeRAR0IJMJphssogI', 'refresh_token': 'SdZ7TfMOY8QL9Y3KIHmTnLzg3YjONtQ-08kcv1FZCW7MkbSVFw4Dn2jp-IYj4haV', 'access_expires_at': '2026-02-22T10:55:24.568633', 'refresh_expires_at': '2026-03-23T22:55:24.565531', 'email_verification_required': False, 'message': None, 'dev_code': None}&#10;assert None&quot;">backend/tests/test_hackathon_features.py:51: in auth_token
    assert token, f"No token in login response: {data}"
E   AssertionError: No token in login response: {'user_id': 'testuser', 'auth_token': 'eyJleHAiOjE3NzE3NTc3MjQsImlhdCI6MTc3MTcxNDUyNCwic3ViIjoidGVzdHVzZXIiLCJ0eXAiOiJhY2Nlc3MifQ.lqktU_Me9eYpxBhibM5AqHGwEuMeRAR0IJMJphssogI', 'refresh_token': 'SdZ7TfMOY8QL9Y3KIHmTnLzg3YjONtQ-08kcv1FZCW7MkbSVFw4Dn2jp-IYj4haV', 'access_expires_at': '2026-02-22T10:55:24.568633', 'refresh_expires_at': '2026-03-23T22:55:24.565531', 'email_verification_required': False, 'message': None, 'dev_code': None}
E   assert None</error></testcase><testcase classname="backend.tests.test_hackathon_features.TestMRIScore" name="test_mri_has_required_fields" time="0.000"><error message="failed on setup with &quot;AssertionError: No token in login response: {'user_id': 'testuser', 'auth_token': 'eyJleHAiOjE3NzE3NTc3MjQsImlhdCI6MTc3MTcxNDUyNCwic3ViIjoidGVzdHVzZXIiLCJ0eXAiOiJhY2Nlc3MifQ.lqktU_Me9eYpxBhibM5AqHGwEuMeRAR0IJMJphssogI', 'refresh_token': 'SdZ7TfMOY8QL9Y3KIHmTnLzg3YjONtQ-08kcv1FZCW7MkbSVFw4Dn2jp-IYj4haV', 'access_expires_at': '2026-02-22T10:55:24.568633', 'refresh_expires_at': '2026-03-23T22:55:24.565531', 'email_verification_required': False, 'message': None, 'dev_code': None}&#10;assert None&quot;">backend/tests/test_hackathon_features.py:51: in auth_token
    assert token, f"No token in login response: {data}"
E   AssertionError: No token in login response: {'user_id': 'testuser', 'auth_token': 'eyJleHAiOjE3NzE3NTc3MjQsImlhdCI6MTc3MTcxNDUyNCwic3ViIjoidGVzdHVzZXIiLCJ0eXAiOiJhY2Nlc3MifQ.lqktU_Me9eYpxBhibM5AqHGwEuMeRAR0IJMJphssogI', 'refresh_token': 'SdZ7TfMOY8QL9Y3KIHmTnLzg3YjONtQ-08kcv1FZCW7MkbSVFw4Dn2jp-IYj4haV', 'access_expires_at': '2026-02-22T10:55:24.568633', 'refresh_expires_at': '2026-03-23T22:55:24.565531', 'email_verification_required': False, 'message': None, 'dev_code': None}
E   assert None</error></testcase><testcase classname="backend.tests.test_hackathon_features.TestMRIScore" name="test_mri_score_is_numeric" time="0.000"><error message="failed on setup with &quot;AssertionError: No token in login response: {'user_id': 'testuser', 'auth_token': 'eyJleHAiOjE3NzE3NTc3MjQsImlhdCI6MTc3MTcxNDUyNCwic3ViIjoidGVzdHVzZXIiLCJ0eXAiOiJhY2Nlc3MifQ.lqktU_Me9eYpxBhibM5AqHGwEuMeRAR0IJMJphssogI', 'refresh_token': 'SdZ7TfMOY8QL9Y3KIHmTnLzg3YjONtQ-08kcv1FZCW7MkbSVFw4Dn2jp-IYj4haV', 'access_expires_at': '2026-02-22T10:55:24.568633', 'refresh_expires_at': '2026-03-23T22:55:24.565531', 'email_verification_required': False, 'message': None, 'dev_code': None}&#10;assert None&quot;">backend/tests/test_hackathon_features.py:51: in auth_token
    assert token, f"No token in login response: {data}"
E   AssertionError: No token in login response: {'user_id': 'testuser', 'auth_token': 'eyJleHAiOjE3NzE3NTc3MjQsImlhdCI6MTc3MTcxNDUyNCwic3ViIjoidGVzdHVzZXIiLCJ0eXAiOiJhY2Nlc3MifQ.lqktU_Me9eYpxBhibM5AqHGwEuMeRAR0IJMJphssogI', 'refresh_token': 'SdZ7TfMOY8QL9Y3KIHmTnLzg3YjONtQ-08kcv1FZCW7MkbSVFw4Dn2jp-IYj4haV', 'access_expires_at': '2026-02-22T10:55:24.568633', 'refresh_expires_at': '2026-03-23T22:55:24.565531', 'email_verification_required': False, 'message': None, 'dev_code': None}
E   assert None</error></testcase><testcase classname="backend.tests.test_hackathon_features.TestMRIScore" name="test_mri_band_is_valid_string" time="0.000"><error message="failed on setup with &quot;AssertionError: No token in login response: {'user_id': 'testuser', 'auth_token': 'eyJleHAiOjE3NzE3NTc3MjQsImlhdCI6MTc3MTcxNDUyNCwic3ViIjoidGVzdHVzZXIiLCJ0eXAiOiJhY2Nlc3MifQ.lqktU_Me9eYpxBhibM5AqHGwEuMeRAR0IJMJphssogI', 'refresh_token': 'SdZ7TfMOY8QL9Y3KIHmTnLzg3YjONtQ-08kcv1FZCW7MkbSVFw4Dn2jp-IYj4haV', 'access_expires_at': '2026-02-22T10:55:24.568633', 'refresh_expires_at': '2026-03-23T22:55:24.565531', 'email_verification_required': False, 'message': None, 'dev_code': None}&#10;assert None&quot;">backend/tests/test_hackathon_features.py:51: in auth_token
    assert token, f"No token in login response: {data}"
E   AssertionError: No token in login response: {'user_id': 'testuser', 'auth_token': 'eyJleHAiOjE3NzE3NTc3MjQsImlhdCI6MTc3MTcxNDUyNCwic3ViIjoidGVzdHVzZXIiLCJ0eXAiOiJhY2Nlc3MifQ.lqktU_Me9eYpxBhibM5AqHGwEuMeRAR0IJMJphssogI', 'refresh_token': 'SdZ7TfMOY8QL9Y3KIHmTnLzg3YjONtQ-08kcv1FZCW7MkbSVFw4Dn2jp-IYj4haV', 'access_expires_at': '2026-02-22T10:55:24.568633', 'refresh_expires_at': '2026-03-23T22:55:24.565531', 'email_verification_required': False, 'message': None, 'dev_code': None}
E   assert None</error></testcase><testcase classname="backend.tests.test_hackathon_features.TestMRIScore" name="test_mri_without_auth_returns_401" time="0.155" /><testcase classname="backend.tests.test_hackathon_features.TestSentinel" name="test_sentinel_run_returns_200" time="0.000"><error message="failed on setup with &quot;AssertionError: No token in login response: {'user_id': 'testuser', 'auth_token': 'eyJleHAiOjE3NzE3NTc3MjQsImlhdCI6MTc3MTcxNDUyNCwic3ViIjoidGVzdHVzZXIiLCJ0eXAiOiJhY2Nlc3MifQ.lqktU_Me9eYpxBhibM5AqHGwEuMeRAR0IJMJphssogI', 'refresh_token': 'SdZ7TfMOY8QL9Y3KIHmTnLzg3YjONtQ-08kcv1FZCW7MkbSVFw4Dn2jp-IYj4haV', 'access_expires_at': '2026-02-22T10:55:24.568633', 'refresh_expires_at': '2026-03-23T22:55:24.565531', 'email_verification_required': False, 'message': None, 'dev_code': None}&#10;assert None&quot;">backend/tests/test_hackathon_features.py:51: in auth_token
    assert token, f"No token in login response: {data}"
E   AssertionError: No token in login response: {'user_id': 'testuser', 'auth_token': 'eyJleHAiOjE3NzE3NTc3MjQsImlhdCI6MTc3MTcxNDUyNCwic3ViIjoidGVzdHVzZXIiLCJ0eXAiOiJhY2Nlc3MifQ.lqktU_Me9eYpxBhibM5AqHGwEuMeRAR0IJMJphssogI', 'refresh_token': 'SdZ7TfMOY8QL9Y3KIHmTnLzg3YjONtQ-08kcv1FZCW7MkbSVFw4Dn2jp-IYj4haV', 'access_expires_at': '2026-02-22T10:55:24.568633', 'refresh_expires_at': '2026-03-23T22:55:24.565531', 'email_verification_required': False, 'message': None, 'dev_code': None}
E   assert None</error></testcase><testcase classname="backend.tests.test_hackathon_features.TestSentinel" name="test_sentinel_returns_alerts" time="0.000"><error message="failed on setup with &quot;AssertionError: No token in login response: {'user_id': 'testuser', 'auth_token': 'eyJleHAiOjE3NzE3NTc3MjQsImlhdCI6MTc3MTcxNDUyNCwic3ViIjoidGVzdHVzZXIiLCJ0eXAiOiJhY2Nlc3MifQ.lqktU_Me9eYpxBhibM5AqHGwEuMeRAR0IJMJphssogI', 'refresh_token': 'SdZ7TfMOY8QL9Y3KIHmTnLzg3YjONtQ-08kcv1FZCW7MkbSVFw4Dn2jp-IYj4haV', 'access_expires_at': '2026-02-22T10:55:24.568633', 'refresh_expires_at': '2026-03-23T22:55:24.565531', 'email_verification_required': False, 'message': None, 'dev_code': None}&#10;assert None&quot;">backend/tests/test_hackathon_features.py:51: in auth_token
    assert token, f"No token in login response: {data}"
E   AssertionError: No token in login response: {'user_id': 'testuser', 'auth_token': 'eyJleHAiOjE3NzE3NTc3MjQsImlhdCI6MTc3MTcxNDUyNCwic3ViIjoidGVzdHVzZXIiLCJ0eXAiOiJhY2Nlc3MifQ.lqktU_Me9eYpxBhibM5AqHGwEuMeRAR0IJMJphssogI', 'refresh_token': 'SdZ7TfMOY8QL9Y3KIHmTnLzg3YjONtQ-08kcv1FZCW7MkbSVFw4Dn2jp-IYj4haV', 'access_expires_at': '2026-02-22T10:55:24.568633', 'refresh_expires_at': '2026-03-23T22:55:24.565531', 'email_verification_required': False, 'message': None, 'dev_code': None}
E   assert None</error></testcase><testcase classname="backend.tests.test_hackathon_features.TestSentinel" name="test_sentinel_creates_notifications" time="0.000"><error message="failed on setup with &quot;AssertionError: No token in login response: {'user_id': 'testuser', 'auth_token': 'eyJleHAiOjE3NzE3NTc3MjQsImlhdCI6MTc3MTcxNDUyNCwic3ViIjoidGVzdHVzZXIiLCJ0eXAiOiJhY2Nlc3MifQ.lqktU_Me9eYpxBhibM5AqHGwEuMeRAR0IJMJphssogI', 'refresh_token': 'SdZ7TfMOY8QL9Y3KIHmTnLzg3YjONtQ-08kcv1FZCW7MkbSVFw4Dn2jp-IYj4haV', 'access_expires_at': '2026-02-22T10:55:24.568633', 'refresh_expires_at': '2026-03-23T22:55:24.565531', 'email_verification_required': False, 'message': None, 'dev_code': None}&#10;assert None&quot;">backend/tests/test_hackathon_features.py:51: in auth_token
    assert token, f"No token in login response: {data}"
E   AssertionError: No token in login response: {'user_id': 'testuser', 'auth_token': 'eyJleHAiOjE3NzE3NTc3MjQsImlhdCI6MTc3MTcxNDUyNCwic3ViIjoidGVzdHVzZXIiLCJ0eXAiOiJhY2Nlc3MifQ.lqktU_Me9eYpxBhibM5AqHGwEuMeRAR0IJMJphssogI', 'refresh_token': 'SdZ7TfMOY8QL9Y3KIHmTnLzg3YjONtQ-08kcv1FZCW7MkbSVFw4Dn2jp-IYj4haV', 'access_expires_at': '2026-02-22T10:55:24.568633', 'refresh_expires_at': '2026-03-23T22:55:24.565531', 'email_verification_required': False, 'message': None, 'dev_code': None}
E   assert None</error></testcase><testcase classname="backend.tests.test_hackathon_features.TestSentinel" name="test_sentinel_without_auth_returns_401" time="0.123" /><testcase classname="backend.tests.test_hackathon_features.TestKanban" name="test_get_board_returns_200" time="0.000"><error message="failed on setup with &quot;AssertionError: No token in login response: {'user_id': 'testuser', 'auth_token': 'eyJleHAiOjE3NzE3NTc3MjQsImlhdCI6MTc3MTcxNDUyNCwic3ViIjoidGVzdHVzZXIiLCJ0eXAiOiJhY2Nlc3MifQ.lqktU_Me9eYpxBhibM5AqHGwEuMeRAR0IJMJphssogI', 'refresh_token': 'SdZ7TfMOY8QL9Y3KIHmTnLzg3YjONtQ-08kcv1FZCW7MkbSVFw4Dn2jp-IYj4haV', 'access_expires_at': '2026-02-22T10:55:24.568633', 'refresh_expires_at': '2026-03-23T22:55:24.565531', 'email_verification_required': False, 'message': None, 'dev_code': None}&#10;assert None&quot;">backend/tests/test_hackathon_features.py:51: in auth_token
    assert token, f"No token in login response: {data}"
E   AssertionError: No token in login response: {'user_id': 'testuser', 'auth_token': 'eyJleHAiOjE3NzE3NTc3MjQsImlhdCI6MTc3MTcxNDUyNCwic3ViIjoidGVzdHVzZXIiLCJ0eXAiOiJhY2Nlc3MifQ.lqktU_Me9eYpxBhibM5AqHGwEuMeRAR0IJMJphssogI', 'refresh_token': 'SdZ7TfMOY8QL9Y3KIHmTnLzg3YjONtQ-08kcv1FZCW7MkbSVFw4Dn2jp-IYj4haV', 'access_expires_at': '2026-02-22T10:55:24.568633', 'refresh_expires_at': '2026-03-23T22:55:24.565531', 'email_verification_required': False, 'message': None, 'dev_code': None}
E   assert None</error></testcase><testcase classname="backend.tests.test_hackathon_features.TestKanban" name="test_create_task" time="0.000"><error message="failed on setup with &quot;AssertionError: No token in login response: {'user_id': 'testuser', 'auth_token': 'eyJleHAiOjE3NzE3NTc3MjQsImlhdCI6MTc3MTcxNDUyNCwic3ViIjoidGVzdHVzZXIiLCJ0eXAiOiJhY2Nlc3MifQ.lqktU_Me9eYpxBhibM5AqHGwEuMeRAR0IJMJphssogI', 'refresh_token': 'SdZ7TfMOY8QL9Y3KIHmTnLzg3YjONtQ-08kcv1FZCW7MkbSVFw4Dn2jp-IYj4haV', 'access_expires_at': '2026-02-22T10:55:24.568633', 'refresh_expires_at': '2026-03-23T22:55:24.565531', 'email_verification_required': False, 'message': None, 'dev_code': None}&#10;assert None&quot;">backend/tests/test_hackathon_features.py:51: in auth_token
    assert token, f"No token in login response: {data}"
E   AssertionError: No token in login response: {'user_id': 'testuser', 'auth_token': 'eyJleHAiOjE3NzE3NTc3MjQsImlhdCI6MTc3MTcxNDUyNCwic3ViIjoidGVzdHVzZXIiLCJ0eXAiOiJhY2Nlc3MifQ.lqktU_Me9eYpxBhibM5AqHGwEuMeRAR0IJMJphssogI', 'refresh_token': 'SdZ7TfMOY8QL9Y3KIHmTnLzg3YjONtQ-08kcv1FZCW7MkbSVFw4Dn2jp-IYj4haV', 'access_expires_at': '2026-02-22T10:55:24.568633', 'refresh_expires_at': '2026-03-23T22:55:24.565531', 'email_verification_required': False, 'message': None, 'dev_code': None}
E   assert None</error></testcase><testcase classname="backend.tests.test_hackathon_features.TestKanban" name="test_update_task_status" time="0.000"><error message="failed on setup with &quot;AssertionError: No token in login response: {'user_id': 'testuser', 'auth_token': 'eyJleHAiOjE3NzE3NTc3MjQsImlhdCI6MTc3MTcxNDUyNCwic3ViIjoidGVzdHVzZXIiLCJ0eXAiOiJhY2Nlc3MifQ.lqktU_Me9eYpxBhibM5AqHGwEuMeRAR0IJMJphssogI', 'refresh_token': 'SdZ7TfMOY8QL9Y3KIHmTnLzg3YjONtQ-08kcv1FZCW7MkbSVFw4Dn2jp-IYj4haV', 'access_expires_at': '2026-02-22T10:55:24.568633', 'refresh_expires_at': '2026-03-23T22:55:24.565531', 'email_verification_required': False, 'message': None, 'dev_code': None}&#10;assert None&quot;">backend/tests/test_hackathon_features.py:51: in auth_token
    assert token, f"No token in login response: {data}"
E   AssertionError: No token in login response: {'user_id': 'testuser', 'auth_token': 'eyJleHAiOjE3NzE3NTc3MjQsImlhdCI6MTc3MTcxNDUyNCwic3ViIjoidGVzdHVzZXIiLCJ0eXAiOiJhY2Nlc3MifQ.lqktU_Me9eYpxBhibM5AqHGwEuMeRAR0IJMJphssogI', 'refresh_token': 'SdZ7TfMOY8QL9Y3KIHmTnLzg3YjONtQ-08kcv1FZCW7MkbSVFw4Dn2jp-IYj4haV', 'access_expires_at': '2026-02-22T10:55:24.568633', 'refresh_expires_at': '2026-03-23T22:55:24.565531', 'email_verification_required': False, 'message': None, 'dev_code': None}
E   assert None</error></testcase><testcase classname="backend.tests.test_hackathon_features.TestKanban" name="test_update_nonexistent_task_404" time="0.000"><error message="failed on setup with &quot;AssertionError: No token in login response: {'user_id': 'testuser', 'auth_token': 'eyJleHAiOjE3NzE3NTc3MjQsImlhdCI6MTc3MTcxNDUyNCwic3ViIjoidGVzdHVzZXIiLCJ0eXAiOiJhY2Nlc3MifQ.lqktU_Me9eYpxBhibM5AqHGwEuMeRAR0IJMJphssogI', 'refresh_token': 'SdZ7TfMOY8QL9Y3KIHmTnLzg3YjONtQ-08kcv1FZCW7MkbSVFw4Dn2jp-IYj4haV', 'access_expires_at': '2026-02-22T10:55:24.568633', 'refresh_expires_at': '2026-03-23T22:55:24.565531', 'email_verification_required': False, 'message': None, 'dev_code': None}&#10;assert None&quot;">backend/tests/test_hackathon_features.py:51: in auth_token
    assert token, f"No token in login response: {data}"
E   AssertionError: No token in login response: {'user_id': 'testuser', 'auth_token': 'eyJleHAiOjE3NzE3NTc3MjQsImlhdCI6MTc3MTcxNDUyNCwic3ViIjoidGVzdHVzZXIiLCJ0eXAiOiJhY2Nlc3MifQ.lqktU_Me9eYpxBhibM5AqHGwEuMeRAR0IJMJphssogI', 'refresh_token': 'SdZ7TfMOY8QL9Y3KIHmTnLzg3YjONtQ-08kcv1FZCW7MkbSVFw4Dn2jp-IYj4haV', 'access_expires_at': '2026-02-22T10:55:24.568633', 'refresh_expires_at': '2026-03-23T22:55:24.565531', 'email_verification_required': False, 'message': None, 'dev_code': None}
E   assert None</error></testcase><testcase classname="backend.tests.test_hackathon_features.TestKanban" name="test_delete_task" time="0.000"><error message="failed on setup with &quot;AssertionError: No token in login response: {'user_id': 'testuser', 'auth_token': 'eyJleHAiOjE3NzE3NTc3MjQsImlhdCI6MTc3MTcxNDUyNCwic3ViIjoidGVzdHVzZXIiLCJ0eXAiOiJhY2Nlc3MifQ.lqktU_Me9eYpxBhibM5AqHGwEuMeRAR0IJMJphssogI', 'refresh_token': 'SdZ7TfMOY8QL9Y3KIHmTnLzg3YjONtQ-08kcv1FZCW7MkbSVFw4Dn2jp-IYj4haV', 'access_expires_at': '2026-02-22T10:55:24.568633', 'refresh_expires_at': '2026-03-23T22:55:24.565531', 'email_verification_required': False, 'message': None, 'dev_code': None}&#10;assert None&quot;">backend/tests/test_hackathon_features.py:51: in auth_token
    assert token, f"No token in login response: {data}"
E   AssertionError: No token in login response: {'user_id': 'testuser', 'auth_token': 'eyJleHAiOjE3NzE3NTc3MjQsImlhdCI6MTc3MTcxNDUyNCwic3ViIjoidGVzdHVzZXIiLCJ0eXAiOiJhY2Nlc3MifQ.lqktU_Me9eYpxBhibM5AqHGwEuMeRAR0IJMJphssogI', 'refresh_token': 'SdZ7TfMOY8QL9Y3KIHmTnLzg3YjONtQ-08kcv1FZCW7MkbSVFw4Dn2jp-IYj4haV', 'access_expires_at': '2026-02-22T10:55:24.568633', 'refresh_expires_at': '2026-03-23T22:55:24.565531', 'email_verification_required': False, 'message': None, 'dev_code': None}
E   assert None</error></testcase><testcase classname="backend.tests.test_hackathon_features.TestKanban" name="test_delete_verifies_removal" time="0.000"><error message="failed on setup with &quot;AssertionError: No token in login response: {'user_id': 'testuser', 'auth_token': 'eyJleHAiOjE3NzE3NTc3MjQsImlhdCI6MTc3MTcxNDUyNCwic3ViIjoidGVzdHVzZXIiLCJ0eXAiOiJhY2Nlc3MifQ.lqktU_Me9eYpxBhibM5AqHGwEuMeRAR0IJMJphssogI', 'refresh_token': 'SdZ7TfMOY8QL9Y3KIHmTnLzg3YjONtQ-08kcv1FZCW7MkbSVFw4Dn2jp-IYj4haV', 'access_expires_at': '2026-02-22T10:55:24.568633', 'refresh_expires_at': '2026-03-23T22:55:24.565531', 'email_verification_required': False, 'message': None, 'dev_code': None}&#10;assert None&quot;">backend/tests/test_hackathon_features.py:51: in auth_token
    assert token, f"No token in login response: {data}"
E   AssertionError: No token in login response: {'user_id': 'testuser', 'auth_token': 'eyJleHAiOjE3NzE3NTc3MjQsImlhdCI6MTc3MTcxNDUyNCwic3ViIjoidGVzdHVzZXIiLCJ0eXAiOiJhY2Nlc3MifQ.lqktU_Me9eYpxBhibM5AqHGwEuMeRAR0IJMJphssogI', 'refresh_token': 'SdZ7TfMOY8QL9Y3KIHmTnLzg3YjONtQ-08kcv1FZCW7MkbSVFw4Dn2jp-IYj4haV', 'access_expires_at': '2026-02-22T10:55:24.568633', 'refresh_expires_at': '2026-03-23T22:55:24.565531', 'email_verification_required': False, 'message': None, 'dev_code': None}
E   assert None</error></testcase><testcase classname="backend.tests.test_hackathon_features.TestKanban" name="test_generate_ai_plan" time="0.000"><error message="failed on setup with &quot;AssertionError: No token in login response: {'user_id': 'testuser', 'auth_token': 'eyJleHAiOjE3NzE3NTc3MjQsImlhdCI6MTc3MTcxNDUyNCwic3ViIjoidGVzdHVzZXIiLCJ0eXAiOiJhY2Nlc3MifQ.lqktU_Me9eYpxBhibM5AqHGwEuMeRAR0IJMJphssogI', 'refresh_token': 'SdZ7TfMOY8QL9Y3KIHmTnLzg3YjONtQ-08kcv1FZCW7MkbSVFw4Dn2jp-IYj4haV', 'access_expires_at': '2026-02-22T10:55:24.568633', 'refresh_expires_at': '2026-03-23T22:55:24.565531', 'email_verification_required': False, 'message': None, 'dev_code': None}&#10;assert None&quot;">backend/tests/test_hackathon_features.py:51: in auth_token
    assert token, f"No token in login response: {data}"
E   AssertionError: No token in login response: {'user_id': 'testuser', 'auth_token': 'eyJleHAiOjE3NzE3NTc3MjQsImlhdCI6MTc3MTcxNDUyNCwic3ViIjoidGVzdHVzZXIiLCJ0eXAiOiJhY2Nlc3MifQ.lqktU_Me9eYpxBhibM5AqHGwEuMeRAR0IJMJphssogI', 'refresh_token': 'SdZ7TfMOY8QL9Y3KIHmTnLzg3YjONtQ-08kcv1FZCW7MkbSVFw4Dn2jp-IYj4haV', 'access_expires_at': '2026-02-22T10:55:24.568633', 'refresh_expires_at': '2026-03-23T22:55:24.565531', 'email_verification_required': False, 'message': None, 'dev_code': None}
E   assert None</error></testcase><testcase classname="backend.tests.test_hackathon_features.TestKanban" name="test_generate_populates_board" time="0.000"><error message="failed on setup with &quot;AssertionError: No token in login response: {'user_id': 'testuser', 'auth_token': 'eyJleHAiOjE3NzE3NTc3MjQsImlhdCI6MTc3MTcxNDUyNCwic3ViIjoidGVzdHVzZXIiLCJ0eXAiOiJhY2Nlc3MifQ.lqktU_Me9eYpxBhibM5AqHGwEuMeRAR0IJMJphssogI', 'refresh_token': 'SdZ7TfMOY8QL9Y3KIHmTnLzg3YjONtQ-08kcv1FZCW7MkbSVFw4Dn2jp-IYj4haV', 'access_expires_at': '2026-02-22T10:55:24.568633', 'refresh_expires_at': '2026-03-23T22:55:24.565531', 'email_verification_required': False, 'message': None, 'dev_code': None}&#10;assert None&quot;">backend/tests/test_hackathon_features.py:51: in auth_token
    assert token, f"No token in login response: {data}"
E   AssertionError: No token in login response: {'user_id': 'testuser', 'auth_token': 'eyJleHAiOjE3NzE3NTc3MjQsImlhdCI6MTc3MTcxNDUyNCwic3ViIjoidGVzdHVzZXIiLCJ0eXAiOiJhY2Nlc3MifQ.lqktU_Me9eYpxBhibM5AqHGwEuMeRAR0IJMJphssogI', 'refresh_token': 'SdZ7TfMOY8QL9Y3KIHmTnLzg3YjONtQ-08kcv1FZCW7MkbSVFw4Dn2jp-IYj4haV', 'access_expires_at': '2026-02-22T10:55:24.568633', 'refresh_expires_at': '2026-03-23T22:55:24.565531', 'email_verification_required': False, 'message': None, 'dev_code': None}
E   assert None</error></testcase><testcase classname="backend.tests.test_hackathon_features.TestFutureShock" name="test_future_shock_default_acceleration" time="0.000"><error message="failed on setup with &quot;AssertionError: No token in login response: {'user_id': 'testuser', 'auth_token': 'eyJleHAiOjE3NzE3NTc3MjQsImlhdCI6MTc3MTcxNDUyNCwic3ViIjoidGVzdHVzZXIiLCJ0eXAiOiJhY2Nlc3MifQ.lqktU_Me9eYpxBhibM5AqHGwEuMeRAR0IJMJphssogI', 'refresh_token': 'SdZ7TfMOY8QL9Y3KIHmTnLzg3YjONtQ-08kcv1FZCW7MkbSVFw4Dn2jp-IYj4haV', 'access_expires_at': '2026-02-22T10:55:24.568633', 'refresh_expires_at': '2026-03-23T22:55:24.565531', 'email_verification_required': False, 'message': None, 'dev_code': None}&#10;assert None&quot;">backend/tests/test_hackathon_features.py:51: in auth_token
    assert token, f"No token in login response: {data}"
E   AssertionError: No token in login response: {'user_id': 'testuser', 'auth_token': 'eyJleHAiOjE3NzE3NTc3MjQsImlhdCI6MTc3MTcxNDUyNCwic3ViIjoidGVzdHVzZXIiLCJ0eXAiOiJhY2Nlc3MifQ.lqktU_Me9eYpxBhibM5AqHGwEuMeRAR0IJMJphssogI', 'refresh_token': 'SdZ7TfMOY8QL9Y3KIHmTnLzg3YjONtQ-08kcv1FZCW7MkbSVFw4Dn2jp-IYj4haV', 'access_expires_at': '2026-02-22T10:55:24.568633', 'refresh_expires_at': '2026-03-23T22:55:24.565531', 'email_verification_required': False, 'message': None, 'dev_code': None}
E   assert None</error></testcase><testcase classname="backend.tests.test_hackathon_features.TestFutureShock" name="test_future_shock_returns_delta" time="0.000"><error message="failed on setup with &quot;AssertionError: No token in login response: {'user_id': 'testuser', 'auth_token': 'eyJleHAiOjE3NzE3NTc3MjQsImlhdCI6MTc3MTcxNDUyNCwic3ViIjoidGVzdHVzZXIiLCJ0eXAiOiJhY2Nlc3MifQ.lqktU_Me9eYpxBhibM5AqHGwEuMeRAR0IJMJphssogI', 'refresh_token': 'SdZ7TfMOY8QL9Y3KIHmTnLzg3YjONtQ-08kcv1FZCW7MkbSVFw4Dn2jp-IYj4haV', 'access_expires_at': '2026-02-22T10:55:24.568633', 'refresh_expires_at': '2026-03-23T22:55:24.565531', 'email_verification_required': False, 'message': None, 'dev_code': None}&#10;assert None&quot;">backend/tests/test_hackathon_features.py:51: in auth_token
    assert token, f"No token in login response: {data}"
E   AssertionError: No token in login response: {'user_id': 'testuser', 'auth_token': 'eyJleHAiOjE3NzE3NTc3MjQsImlhdCI6MTc3MTcxNDUyNCwic3ViIjoidGVzdHVzZXIiLCJ0eXAiOiJhY2Nlc3MifQ.lqktU_Me9eYpxBhibM5AqHGwEuMeRAR0IJMJphssogI', 'refresh_token': 'SdZ7TfMOY8QL9Y3KIHmTnLzg3YjONtQ-08kcv1FZCW7MkbSVFw4Dn2jp-IYj4haV', 'access_expires_at': '2026-02-22T10:55:24.568633', 'refresh_expires_at': '2026-03-23T22:55:24.565531', 'email_verification_required': False, 'message': None, 'dev_code': None}
E   assert None</error></testcase><testcase classname="backend.tests.test_hackathon_features.TestFutureShock" name="test_future_shock_zero_acceleration" time="0.000"><error message="failed on setup with &quot;AssertionError: No token in login response: {'user_id': 'testuser', 'auth_token': 'eyJleHAiOjE3NzE3NTc3MjQsImlhdCI6MTc3MTcxNDUyNCwic3ViIjoidGVzdHVzZXIiLCJ0eXAiOiJhY2Nlc3MifQ.lqktU_Me9eYpxBhibM5AqHGwEuMeRAR0IJMJphssogI', 'refresh_token': 'SdZ7TfMOY8QL9Y3KIHmTnLzg3YjONtQ-08kcv1FZCW7MkbSVFw4Dn2jp-IYj4haV', 'access_expires_at': '2026-02-22T10:55:24.568633', 'refresh_expires_at': '2026-03-23T22:55:24.565531', 'email_verification_required': False, 'message': None, 'dev_code': None}&#10;assert None&quot;">backend/tests/test_hackathon_features.py:51: in auth_token
    assert token, f"No token in login response: {data}"
E   AssertionError: No token in login response: {'user_id': 'testuser', 'auth_token': 'eyJleHAiOjE3NzE3NTc3MjQsImlhdCI6MTc3MTcxNDUyNCwic3ViIjoidGVzdHVzZXIiLCJ0eXAiOiJhY2Nlc3MifQ.lqktU_Me9eYpxBhibM5AqHGwEuMeRAR0IJMJphssogI', 'refresh_token': 'SdZ7TfMOY8QL9Y3KIHmTnLzg3YjONtQ-08kcv1FZCW7MkbSVFw4Dn2jp-IYj4haV', 'access_expires_at': '2026-02-22T10:55:24.568633', 'refresh_expires_at': '2026-03-23T22:55:24.565531', 'email_verification_required': False, 'message': None, 'dev_code': None}
E   assert None</error></testcase><testcase classname="backend.tests.test_hackathon_features.TestFutureShock" name="test_future_shock_full_acceleration" time="0.000"><error message="failed on setup with &quot;AssertionError: No token in login response: {'user_id': 'testuser', 'auth_token': 'eyJleHAiOjE3NzE3NTc3MjQsImlhdCI6MTc3MTcxNDUyNCwic3ViIjoidGVzdHVzZXIiLCJ0eXAiOiJhY2Nlc3MifQ.lqktU_Me9eYpxBhibM5AqHGwEuMeRAR0IJMJphssogI', 'refresh_token': 'SdZ7TfMOY8QL9Y3KIHmTnLzg3YjONtQ-08kcv1FZCW7MkbSVFw4Dn2jp-IYj4haV', 'access_expires_at': '2026-02-22T10:55:24.568633', 'refresh_expires_at': '2026-03-23T22:55:24.565531', 'email_verification_required': False, 'message': None, 'dev_code': None}&#10;assert None&quot;">backend/tests/test_hackathon_features.py:51: in auth_token
    assert token, f"No token in login response: {data}"
E   AssertionError: No token in login response: {'user_id': 'testuser', 'auth_token': 'eyJleHAiOjE3NzE3NTc3MjQsImlhdCI6MTc3MTcxNDUyNCwic3ViIjoidGVzdHVzZXIiLCJ0eXAiOiJhY2Nlc3MifQ.lqktU_Me9eYpxBhibM5AqHGwEuMeRAR0IJMJphssogI', 'refresh_token': 'SdZ7TfMOY8QL9Y3KIHmTnLzg3YjONtQ-08kcv1FZCW7MkbSVFw4Dn2jp-IYj4haV', 'access_expires_at': '2026-02-22T10:55:24.568633', 'refresh_expires_at': '2026-03-23T22:55:24.565531', 'email_verification_required': False, 'message': None, 'dev_code': None}
E   assert None</error></testcase><testcase classname="backend.tests.test_hackathon_features.TestFutureShock" name="test_future_shock_invalid_acceleration" time="0.000"><error message="failed on setup with &quot;AssertionError: No token in login response: {'user_id': 'testuser', 'auth_token': 'eyJleHAiOjE3NzE3NTc3MjQsImlhdCI6MTc3MTcxNDUyNCwic3ViIjoidGVzdHVzZXIiLCJ0eXAiOiJhY2Nlc3MifQ.lqktU_Me9eYpxBhibM5AqHGwEuMeRAR0IJMJphssogI', 'refresh_token': 'SdZ7TfMOY8QL9Y3KIHmTnLzg3YjONtQ-08kcv1FZCW7MkbSVFw4Dn2jp-IYj4haV', 'access_expires_at': '2026-02-22T10:55:24.568633', 'refresh_expires_at': '2026-03-23T22:55:24.565531', 'email_verification_required': False, 'message': None, 'dev_code': None}&#10;assert None&quot;">backend/tests/test_hackathon_features.py:51: in auth_token
    assert token, f"No token in login response: {data}"
E   AssertionError: No token in login response: {'user_id': 'testuser', 'auth_token': 'eyJleHAiOjE3NzE3NTc3MjQsImlhdCI6MTc3MTcxNDUyNCwic3ViIjoidGVzdHVzZXIiLCJ0eXAiOiJhY2Nlc3MifQ.lqktU_Me9eYpxBhibM5AqHGwEuMeRAR0IJMJphssogI', 'refresh_token': 'SdZ7TfMOY8QL9Y3KIHmTnLzg3YjONtQ-08kcv1FZCW7MkbSVFw4Dn2jp-IYj4haV', 'access_expires_at': '2026-02-22T10:55:24.568633', 'refresh_expires_at': '2026-03-23T22:55:24.565531', 'email_verification_required': False, 'message': None, 'dev_code': None}
E   assert None</error></testcase><testcase classname="backend.tests.test_hackathon_features.TestFutureShock" name="test_future_shock_without_auth" time="0.161" /><testcase classname="backend.tests.test_hackathon_features.TestPublicProfile" name="test_generate_share_link_returns_200" time="0.000"><error message="failed on setup with &quot;AssertionError: No token in login response: {'user_id': 'testuser', 'auth_token': 'eyJleHAiOjE3NzE3NTc3MjQsImlhdCI6MTc3MTcxNDUyNCwic3ViIjoidGVzdHVzZXIiLCJ0eXAiOiJhY2Nlc3MifQ.lqktU_Me9eYpxBhibM5AqHGwEuMeRAR0IJMJphssogI', 'refresh_token': 'SdZ7TfMOY8QL9Y3KIHmTnLzg3YjONtQ-08kcv1FZCW7MkbSVFw4Dn2jp-IYj4haV', 'access_expires_at': '2026-02-22T10:55:24.568633', 'refresh_expires_at': '2026-03-23T22:55:24.565531', 'email_verification_required': False, 'message': None, 'dev_code': None}&#10;assert None&quot;">backend/tests/test_hackathon_features.py:51: in auth_token
    assert token, f"No token in login response: {data}"
E   AssertionError: No token in login response: {'user_id': 'testuser', 'auth_token': 'eyJleHAiOjE3NzE3NTc3MjQsImlhdCI6MTc3MTcxNDUyNCwic3ViIjoidGVzdHVzZXIiLCJ0eXAiOiJhY2Nlc3MifQ.lqktU_Me9eYpxBhibM5AqHGwEuMeRAR0IJMJphssogI', 'refresh_token': 'SdZ7TfMOY8QL9Y3KIHmTnLzg3YjONtQ-08kcv1FZCW7MkbSVFw4Dn2jp-IYj4haV', 'access_expires_at': '2026-02-22T10:55:24.568633', 'refresh_expires_at': '2026-03-23T22:55:24.565531', 'email_verification_required': False, 'message': None, 'dev_code': None}
E   assert None</error></testcase><testcase classname="backend.tests.test_hackathon_features.TestPublicProfile" name="test_share_link_is_permanent" time="0.000"><error message="failed on setup with &quot;AssertionError: No token in login response: {'user_id': 'testuser', 'auth_token': 'eyJleHAiOjE3NzE3NTc3MjQsImlhdCI6MTc3MTcxNDUyNCwic3ViIjoidGVzdHVzZXIiLCJ0eXAiOiJhY2Nlc3MifQ.lqktU_Me9eYpxBhibM5AqHGwEuMeRAR0IJMJphssogI', 'refresh_token': 'SdZ7TfMOY8QL9Y3KIHmTnLzg3YjONtQ-08kcv1FZCW7MkbSVFw4Dn2jp-IYj4haV', 'access_expires_at': '2026-02-22T10:55:24.568633', 'refresh_expires_at': '2026-03-23T22:55:24.565531', 'email_verification_required': False, 'message': None, 'dev_code': None}&#10;assert None&quot;">backend/tests/test_hackathon_features.py:51: in auth_token
    assert token, f"No token in login response: {data}"
E   AssertionError: No token in login response: {'user_id': 'testuser', 'auth_token': 'eyJleHAiOjE3NzE3NTc3MjQsImlhdCI6MTc3MTcxNDUyNCwic3ViIjoidGVzdHVzZXIiLCJ0eXAiOiJhY2Nlc3MifQ.lqktU_Me9eYpxBhibM5AqHGwEuMeRAR0IJMJphssogI', 'refresh_token': 'SdZ7TfMOY8QL9Y3KIHmTnLzg3YjONtQ-08kcv1FZCW7MkbSVFw4Dn2jp-IYj4haV', 'access_expires_at': '2026-02-22T10:55:24.568633', 'refresh_expires_at': '2026-03-23T22:55:24.565531', 'email_verification_required': False, 'message': None, 'dev_code': None}
E   assert None</error></testcase><testcase classname="backend.tests.test_hackathon_features.TestPublicProfile" name="test_get_public_profile_by_slug" time="0.000"><failure message="AssertionError: No slug from generate step&#10;assert None&#10; +  where None = TestPublicProfile.share_slug">backend/tests/test_hackathon_features.py:399: in test_get_public_profile_by_slug
    assert TestPublicProfile.share_slug, "No slug from generate step"
E   AssertionError: No slug from generate step
E   assert None
E    +  where None = TestPublicProfile.share_slug</failure></testcase><testcase classname="backend.tests.test_hackathon_features.TestPublicProfile" name="test_public_profile_no_auth_required" time="0.000"><failure message="AssertionError: No slug&#10;assert None&#10; +  where None = TestPublicProfile.share_slug">backend/tests/test_hackathon_features.py:416: in test_public_profile_no_auth_required
    assert TestPublicProfile.share_slug, "No slug"
E   AssertionError: No slug
E   assert None
E    +  where None = TestPublicProfile.share_slug</failure></testcase><testcase classname="backend.tests.test_hackathon_features.TestPublicProfile" name="test_public_profile_not_found_404" time="0.105" /><testcase classname="backend.tests.test_hackathon_features.TestPublicProfile" name="test_generate_share_link_without_auth" time="0.112" /></testsuite></testsuites>