<?xml version="1.0" encoding="utf-8"?><testsuites name="pytest tests"><testsuite name="pytest" errors="0" failures="1" skipped="0" tests="33" time="19.612" timestamp="2026-02-21T22:55:40.532613+00:00" hostname="agent-env-3dd66de6-8378-41a9-a5a7-66055fc6d429"><testcase classname="backend.tests.test_hackathon_features.TestGitHubAudit" name="test_audit_valid_user_octocat" time="0.800" /><testcase classname="backend.tests.test_hackathon_features.TestGitHubAudit" name="test_audit_username_field_returned" time="0.238" /><testcase classname="backend.tests.test_hackathon_features.TestGitHubAudit" name="test_audit_invalid_user_404" time="0.235"><failure message="AssertionError: Expected 404, got 200: {&quot;username&quot;:&quot;nonexistent-user-xyz99abc&quot;,&quot;verified_skills&quot;:[],&quot;commit_skill_signals&quot;:[],&quot;velocity&quot;:{&quot;velocity_score&quot;:0,&quot;recent_repos&quot;:0,&quot;total_repos&quot;:0,&quot;total_commits_sampled&quot;:0,&quot;languages&quot;:[],&quot;stars&quot;:0},&quot;warnings&quot;:[&quot;No public repositories found&quot;],&quot;bulk_upload_detected&quot;:false,&quot;profile&quot;:{&quot;public_repos&quot;:0,&quot;followers&quot;:0,&quot;bio&quot;:null}}&#10;assert 200 == 404&#10; +  where 200 = &lt;Response [200]&gt;.status_code">backend/tests/test_hackathon_features.py:106: in test_audit_invalid_user_404
    assert resp.status_code == 404, f"Expected 404, got {resp.status_code}: {resp.text}"
E   AssertionError: Expected 404, got 200: {"username":"nonexistent-user-xyz99abc","verified_skills":[],"commit_skill_signals":[],"velocity":{"velocity_score":0,"recent_repos":0,"total_repos":0,"total_commits_sampled":0,"languages":[],"stars":0},"warnings":["No public repositories found"],"bulk_upload_detected":false,"profile":{"public_repos":0,"followers":0,"bio":null}}
E   assert 200 == 404
E    +  where 200 = &lt;Response [200]&gt;.status_code</failure></testcase><testcase classname="backend.tests.test_hackathon_features.TestGitHubAudit" name="test_audit_no_auth_required" time="0.247" /><testcase classname="backend.tests.test_hackathon_features.TestMRIScore" name="test_mri_returns_200" time="0.478" /><testcase classname="backend.tests.test_hackathon_features.TestMRIScore" name="test_mri_has_required_fields" time="0.067" /><testcase classname="backend.tests.test_hackathon_features.TestMRIScore" name="test_mri_score_is_numeric" time="0.064" /><testcase classname="backend.tests.test_hackathon_features.TestMRIScore" name="test_mri_band_is_valid_string" time="0.070" /><testcase classname="backend.tests.test_hackathon_features.TestMRIScore" name="test_mri_without_auth_returns_401" time="0.136" /><testcase classname="backend.tests.test_hackathon_features.TestSentinel" name="test_sentinel_run_returns_200" time="0.384" /><testcase classname="backend.tests.test_hackathon_features.TestSentinel" name="test_sentinel_returns_alerts" time="0.248" /><testcase classname="backend.tests.test_hackathon_features.TestSentinel" name="test_sentinel_creates_notifications" time="0.351" /><testcase classname="backend.tests.test_hackathon_features.TestSentinel" name="test_sentinel_without_auth_returns_401" time="0.109" /><testcase classname="backend.tests.test_hackathon_features.TestKanban" name="test_get_board_returns_200" time="0.059" /><testcase classname="backend.tests.test_hackathon_features.TestKanban" name="test_create_task" time="0.067" /><testcase classname="backend.tests.test_hackathon_features.TestKanban" name="test_update_task_status" time="0.064" /><testcase classname="backend.tests.test_hackathon_features.TestKanban" name="test_update_nonexistent_task_404" time="0.057" /><testcase classname="backend.tests.test_hackathon_features.TestKanban" name="test_delete_task" time="0.058" /><testcase classname="backend.tests.test_hackathon_features.TestKanban" name="test_delete_verifies_removal" time="0.064" /><testcase classname="backend.tests.test_hackathon_features.TestKanban" name="test_generate_ai_plan" time="14.202" /><testcase classname="backend.tests.test_hackathon_features.TestKanban" name="test_generate_populates_board" time="0.062" /><testcase classname="backend.tests.test_hackathon_features.TestFutureShock" name="test_future_shock_default_acceleration" time="0.062" /><testcase classname="backend.tests.test_hackathon_features.TestFutureShock" name="test_future_shock_returns_delta" time="0.075" /><testcase classname="backend.tests.test_hackathon_features.TestFutureShock" name="test_future_shock_zero_acceleration" time="0.065" /><testcase classname="backend.tests.test_hackathon_features.TestFutureShock" name="test_future_shock_full_acceleration" time="0.223" /><testcase classname="backend.tests.test_hackathon_features.TestFutureShock" name="test_future_shock_invalid_acceleration" time="0.070" /><testcase classname="backend.tests.test_hackathon_features.TestFutureShock" name="test_future_shock_without_auth" time="0.152" /><testcase classname="backend.tests.test_hackathon_features.TestPublicProfile" name="test_generate_share_link_returns_200" time="0.092" /><testcase classname="backend.tests.test_hackathon_features.TestPublicProfile" name="test_share_link_is_permanent" time="0.140" /><testcase classname="backend.tests.test_hackathon_features.TestPublicProfile" name="test_get_public_profile_by_slug" time="0.134" /><testcase classname="backend.tests.test_hackathon_features.TestPublicProfile" name="test_public_profile_no_auth_required" time="0.169" /><testcase classname="backend.tests.test_hackathon_features.TestPublicProfile" name="test_public_profile_not_found_404" time="0.112" /><testcase classname="backend.tests.test_hackathon_features.TestPublicProfile" name="test_generate_share_link_without_auth" time="0.144" /></testsuite></testsuites>