<?xml version="1.0" encoding="utf-8"?><testsuites name="pytest tests"><testsuite name="pytest" errors="0" failures="0" skipped="0" tests="33" time="21.163" timestamp="2026-02-21T22:57:22.511442+00:00" hostname="agent-env-3dd66de6-8378-41a9-a5a7-66055fc6d429"><testcase classname="backend.tests.test_hackathon_features.TestGitHubAudit" name="test_audit_valid_user_octocat" time="0.328" /><testcase classname="backend.tests.test_hackathon_features.TestGitHubAudit" name="test_audit_username_field_returned" time="0.264" /><testcase classname="backend.tests.test_hackathon_features.TestGitHubAudit" name="test_audit_invalid_user_400" time="0.107" /><testcase classname="backend.tests.test_hackathon_features.TestGitHubAudit" name="test_audit_no_auth_required" time="0.264" /><testcase classname="backend.tests.test_hackathon_features.TestMRIScore" name="test_mri_returns_200" time="0.430" /><testcase classname="backend.tests.test_hackathon_features.TestMRIScore" name="test_mri_has_required_fields" time="0.058" /><testcase classname="backend.tests.test_hackathon_features.TestMRIScore" name="test_mri_score_is_numeric" time="0.063" /><testcase classname="backend.tests.test_hackathon_features.TestMRIScore" name="test_mri_band_is_valid_string" time="0.070" /><testcase classname="backend.tests.test_hackathon_features.TestMRIScore" name="test_mri_without_auth_returns_401" time="0.125" /><testcase classname="backend.tests.test_hackathon_features.TestSentinel" name="test_sentinel_run_returns_200" time="0.501" /><testcase classname="backend.tests.test_hackathon_features.TestSentinel" name="test_sentinel_returns_alerts" time="0.265" /><testcase classname="backend.tests.test_hackathon_features.TestSentinel" name="test_sentinel_creates_notifications" time="0.335" /><testcase classname="backend.tests.test_hackathon_features.TestSentinel" name="test_sentinel_without_auth_returns_401" time="0.098" /><testcase classname="backend.tests.test_hackathon_features.TestKanban" name="test_get_board_returns_200" time="0.059" /><testcase classname="backend.tests.test_hackathon_features.TestKanban" name="test_create_task" time="0.072" /><testcase classname="backend.tests.test_hackathon_features.TestKanban" name="test_update_task_status" time="0.060" /><testcase classname="backend.tests.test_hackathon_features.TestKanban" name="test_update_nonexistent_task_404" time="0.084" /><testcase classname="backend.tests.test_hackathon_features.TestKanban" name="test_delete_task" time="0.066" /><testcase classname="backend.tests.test_hackathon_features.TestKanban" name="test_delete_verifies_removal" time="0.058" /><testcase classname="backend.tests.test_hackathon_features.TestKanban" name="test_generate_ai_plan" time="16.663" /><testcase classname="backend.tests.test_hackathon_features.TestKanban" name="test_generate_populates_board" time="0.060" /><testcase classname="backend.tests.test_hackathon_features.TestFutureShock" name="test_future_shock_default_acceleration" time="0.085" /><testcase classname="backend.tests.test_hackathon_features.TestFutureShock" name="test_future_shock_returns_delta" time="0.064" /><testcase classname="backend.tests.test_hackathon_features.TestFutureShock" name="test_future_shock_zero_acceleration" time="0.061" /><testcase classname="backend.tests.test_hackathon_features.TestFutureShock" name="test_future_shock_full_acceleration" time="0.052" /><testcase classname="backend.tests.test_hackathon_features.TestFutureShock" name="test_future_shock_invalid_acceleration" time="0.050" /><testcase classname="backend.tests.test_hackathon_features.TestFutureShock" name="test_future_shock_without_auth" time="0.124" /><testcase classname="backend.tests.test_hackathon_features.TestPublicProfile" name="test_generate_share_link_returns_200" time="0.058" /><testcase classname="backend.tests.test_hackathon_features.TestPublicProfile" name="test_share_link_is_permanent" time="0.121" /><testcase classname="backend.tests.test_hackathon_features.TestPublicProfile" name="test_get_public_profile_by_slug" time="0.116" /><testcase classname="backend.tests.test_hackathon_features.TestPublicProfile" name="test_public_profile_no_auth_required" time="0.101" /><testcase classname="backend.tests.test_hackathon_features.TestPublicProfile" name="test_public_profile_not_found_404" time="0.107" /><testcase classname="backend.tests.test_hackathon_features.TestPublicProfile" name="test_generate_share_link_without_auth" time="0.133" /></testsuite></testsuites>