<?xml version="1.0" encoding="utf-8"?><testsuites name="pytest tests"><testsuite name="pytest" errors="0" failures="3" skipped="0" tests="18" time="2.631" timestamp="2026-02-21T23:14:02.315892+00:00" hostname="agent-env-3dd66de6-8378-41a9-a5a7-66055fc6d429"><testcase classname="backend.tests.test_proficiency_features.TestMRIScoreFields" name="test_mri_returns_proficiency_breakdown" time="0.575" /><testcase classname="backend.tests.test_proficiency_features.TestMRIScoreFields" name="test_mri_proficiency_breakdown_has_three_levels" time="0.058" /><testcase classname="backend.tests.test_proficiency_features.TestMRIScoreFields" name="test_mri_returns_ai_verified_certs" time="0.055"><failure message="AssertionError: Missing ai_verified_certs in MRI response: ['score', 'components', 'weights', 'gaps', 'recommendations', 'band', 'formula', 'proficiency_breakdown']&#10;assert 'ai_verified_certs' in {'band': 'Not Started', 'components': {'evidence_density': 0.0, 'federal_standards': 0.0, 'market_demand': 0.0}, 'formula': 'MRI = (Federal Standards × 0.40) + (Market Demand × 0.30) + (Evidence Density × 0.30)', 'gaps': [], ...}">backend/tests/test_proficiency_features.py:117: in test_mri_returns_ai_verified_certs
    assert "ai_verified_certs" in data, f"Missing ai_verified_certs in MRI response: {list(data.keys())}"
E   AssertionError: Missing ai_verified_certs in MRI response: ['score', 'components', 'weights', 'gaps', 'recommendations', 'band', 'formula', 'proficiency_breakdown']
E   assert 'ai_verified_certs' in {'band': 'Not Started', 'components': {'evidence_density': 0.0, 'federal_standards': 0.0, 'market_demand': 0.0}, 'formula': 'MRI = (Federal Standards × 0.40) + (Market Demand × 0.30) + (Evidence Density × 0.30)', 'gaps': [], ...}</failure></testcase><testcase classname="backend.tests.test_proficiency_features.TestMRIScoreFields" name="test_mri_score_formula_field" time="0.063" /><testcase classname="backend.tests.test_proficiency_features.TestProofProficiencyLevel" name="test_proof_submission_returns_proficiency_level" time="0.251" /><testcase classname="backend.tests.test_proficiency_features.TestProofProficiencyLevel" name="test_proof_intermediate_proficiency" time="0.062" /><testcase classname="backend.tests.test_proficiency_features.TestProofProficiencyLevel" name="test_proof_professional_proficiency" time="0.056" /><testcase classname="backend.tests.test_proficiency_features.TestProofProficiencyLevel" name="test_proof_default_proficiency_is_intermediate" time="0.058" /><testcase classname="backend.tests.test_proficiency_features.TestProofProficiencyLevel" name="test_proof_list_includes_proficiency_level" time="0.058" /><testcase classname="backend.tests.test_proficiency_features.TestMRIWithProficiencyBreakdown" name="test_mri_proficiency_breakdown_structure_after_proofs" time="0.585" /><testcase classname="backend.tests.test_proficiency_features.TestMRIWithProficiencyBreakdown" name="test_mri_proficiency_counts_are_integers" time="0.059" /><testcase classname="backend.tests.test_proficiency_features.TestMRIWithProficiencyBreakdown" name="test_mri_beginner_proficiency_shown" time="0.057"><failure message="AssertionError: Expected beginner &gt;= 1 after beginner proof submission, got: 0&#10;assert 0 &gt;= 1">backend/tests/test_proficiency_features.py:316: in test_mri_beginner_proficiency_shown
    assert beginner_count &gt;= 1, f"Expected beginner &gt;= 1 after beginner proof submission, got: {beginner_count}"
E   AssertionError: Expected beginner &gt;= 1 after beginner proof submission, got: 0
E   assert 0 &gt;= 1</failure></testcase><testcase classname="backend.tests.test_proficiency_features.TestMRIWithProficiencyBreakdown" name="test_mri_professional_proficiency_shown" time="0.054" /><testcase classname="backend.tests.test_proficiency_features.TestMRIWithProficiencyBreakdown" name="test_mri_score_above_zero_after_proofs" time="0.061" /><testcase classname="backend.tests.test_proficiency_features.TestMRIWithProficiencyBreakdown" name="test_mri_ai_verified_certs_is_non_negative" time="0.056" /><testcase classname="backend.tests.test_proficiency_features.TestExistingTestuserMRI" name="test_testuser_mri_returns_200" time="0.245" /><testcase classname="backend.tests.test_proficiency_features.TestExistingTestuserMRI" name="test_testuser_mri_has_proficiency_breakdown" time="0.087" /><testcase classname="backend.tests.test_proficiency_features.TestExistingTestuserMRI" name="test_testuser_mri_has_ai_verified_certs" time="0.064"><failure message="AssertionError: Missing ai_verified_certs: ['score', 'components', 'weights', 'gaps', 'recommendations', 'band', 'formula', 'proficiency_breakdown']&#10;assert 'ai_verified_certs' in {'band': 'Not Started', 'components': {'evidence_density': 0.0, 'federal_standards': 0.0, 'market_demand': 0.0}, 'formula': 'MRI = (Federal Standards × 0.40) + (Market Demand × 0.30) + (Evidence Density × 0.30)', 'gaps': [], ...}">backend/tests/test_proficiency_features.py:385: in test_testuser_mri_has_ai_verified_certs
    assert "ai_verified_certs" in data, f"Missing ai_verified_certs: {list(data.keys())}"
E   AssertionError: Missing ai_verified_certs: ['score', 'components', 'weights', 'gaps', 'recommendations', 'band', 'formula', 'proficiency_breakdown']
E   assert 'ai_verified_certs' in {'band': 'Not Started', 'components': {'evidence_density': 0.0, 'federal_standards': 0.0, 'market_demand': 0.0}, 'formula': 'MRI = (Federal Standards × 0.40) + (Market Demand × 0.30) + (Evidence Density × 0.30)', 'gaps': [], ...}</failure></testcase></testsuite></testsuites>