<?xml version="1.0" encoding="utf-8"?><testsuites name="pytest tests"><testsuite name="pytest" errors="0" failures="0" skipped="0" tests="18" time="2.511" timestamp="2026-02-21T23:20:17.412168+00:00" hostname="agent-env-3dd66de6-8378-41a9-a5a7-66055fc6d429"><testcase classname="backend.tests.test_proficiency_features.TestMRIScoreFields" name="test_mri_returns_proficiency_breakdown" time="0.494" /><testcase classname="backend.tests.test_proficiency_features.TestMRIScoreFields" name="test_mri_proficiency_breakdown_has_three_levels" time="0.055" /><testcase classname="backend.tests.test_proficiency_features.TestMRIScoreFields" name="test_mri_returns_ai_verified_certs" time="0.065" /><testcase classname="backend.tests.test_proficiency_features.TestMRIScoreFields" name="test_mri_score_formula_field" time="0.071" /><testcase classname="backend.tests.test_proficiency_features.TestProofProficiencyLevel" name="test_proof_submission_returns_proficiency_level" time="0.199" /><testcase classname="backend.tests.test_proficiency_features.TestProofProficiencyLevel" name="test_proof_intermediate_proficiency" time="0.059" /><testcase classname="backend.tests.test_proficiency_features.TestProofProficiencyLevel" name="test_proof_professional_proficiency" time="0.055" /><testcase classname="backend.tests.test_proficiency_features.TestProofProficiencyLevel" name="test_proof_default_proficiency_is_intermediate" time="0.084" /><testcase classname="backend.tests.test_proficiency_features.TestProofProficiencyLevel" name="test_proof_list_includes_proficiency_level" time="0.061" /><testcase classname="backend.tests.test_proficiency_features.TestMRIWithProficiencyBreakdown" name="test_mri_proficiency_breakdown_structure_after_proofs" time="0.558" /><testcase classname="backend.tests.test_proficiency_features.TestMRIWithProficiencyBreakdown" name="test_mri_proficiency_counts_are_integers" time="0.054" /><testcase classname="backend.tests.test_proficiency_features.TestMRIWithProficiencyBreakdown" name="test_mri_proficiency_total_count_positive" time="0.057" /><testcase classname="backend.tests.test_proficiency_features.TestMRIWithProficiencyBreakdown" name="test_mri_professional_proficiency_shown" time="0.054" /><testcase classname="backend.tests.test_proficiency_features.TestMRIWithProficiencyBreakdown" name="test_mri_score_above_zero_after_proofs" time="0.115" /><testcase classname="backend.tests.test_proficiency_features.TestMRIWithProficiencyBreakdown" name="test_mri_ai_verified_certs_is_non_negative" time="0.051" /><testcase classname="backend.tests.test_proficiency_features.TestExistingTestuserMRI" name="test_testuser_mri_returns_200" time="0.280" /><testcase classname="backend.tests.test_proficiency_features.TestExistingTestuserMRI" name="test_testuser_mri_has_proficiency_breakdown" time="0.050" /><testcase classname="backend.tests.test_proficiency_features.TestExistingTestuserMRI" name="test_testuser_mri_has_ai_verified_certs" time="0.053" /></testsuite></testsuites>