<?xml version="1.0" encoding="utf-8"?><testsuites name="pytest tests"><testsuite name="pytest" errors="0" failures="0" skipped="0" tests="7" time="68.399" timestamp="2026-02-21T21:52:01.963413+00:00" hostname="agent-env-7be5a208-9532-4df3-bc70-81686eaa39fd"><testcase classname="backend.tests.test_market_ready.TestMeta" name="test_health" time="0.203" /><testcase classname="backend.tests.test_market_ready.TestAuth" name="test_register" time="0.172" /><testcase classname="backend.tests.test_market_ready.TestAuth" name="test_login" time="0.151" /><testcase classname="backend.tests.test_market_ready.TestAuth" name="test_login_existing_user" time="0.153" /><testcase classname="backend.tests.test_market_ready.TestAIEndpoints" name="test_market_stress_test" time="6.684" /><testcase classname="backend.tests.test_market_ready.TestAIEndpoints" name="test_proof_checker" time="1.919" /><testcase classname="backend.tests.test_market_ready.TestAIEndpoints" name="test_orchestrator" time="59.064" /></testsuite></testsuites>