<?xml version="1.0" encoding="utf-8"?><testsuites name="pytest tests"><testsuite name="pytest" errors="0" failures="3" skipped="0" tests="7" time="1.484" timestamp="2026-02-21T21:51:23.445547+00:00" hostname="agent-env-7be5a208-9532-4df3-bc70-81686eaa39fd"><testcase classname="backend.tests.test_market_ready.TestMeta" name="test_health" time="0.245" /><testcase classname="backend.tests.test_market_ready.TestAuth" name="test_register" time="0.212" /><testcase classname="backend.tests.test_market_ready.TestAuth" name="test_login" time="0.242" /><testcase classname="backend.tests.test_market_ready.TestAuth" name="test_login_existing_user" time="0.298" /><testcase classname="backend.tests.test_market_ready.TestAIEndpoints" name="test_market_stress_test" time="0.100"><failure message="assert 401 == 200&#10; +  where 401 = &lt;Response [401]&gt;.status_code">backend/tests/test_market_ready.py:102: in test_market_stress_test
    assert r.status_code == 200
E   assert 401 == 200
E    +  where 401 = &lt;Response [401]&gt;.status_code</failure></testcase><testcase classname="backend.tests.test_market_ready.TestAIEndpoints" name="test_proof_checker" time="0.151"><failure message="assert 401 == 200&#10; +  where 401 = &lt;Response [401]&gt;.status_code">backend/tests/test_market_ready.py:117: in test_proof_checker
    assert r.status_code == 200
E   assert 401 == 200
E    +  where 401 = &lt;Response [401]&gt;.status_code</failure></testcase><testcase classname="backend.tests.test_market_ready.TestAIEndpoints" name="test_orchestrator" time="0.166"><failure message="assert 401 == 200&#10; +  where 401 = &lt;Response [401]&gt;.status_code">backend/tests/test_market_ready.py:133: in test_orchestrator
    assert r.status_code == 200
E   assert 401 == 200
E    +  where 401 = &lt;Response [401]&gt;.status_code</failure></testcase></testsuite></testsuites>